TN:
SF:js\src\alert.js
FN:32,(anonymous_0)
FN:37,(anonymous_1)
FN:47,(anonymous_2)
FN:51,(anonymous_3)
FN:58,(anonymous_4)
FN:59,(anonymous_5)
FNF:6
FNH:6
FNDA:51,(anonymous_0)
FNDA:6,(anonymous_1)
FNDA:5,(anonymous_2)
FNDA:5,(anonymous_3)
FNDA:5,(anonymous_4)
FNDA:5,(anonymous_5)
DA:17,1
DA:18,1
DA:19,1
DA:21,1
DA:22,1
DA:23,1
DA:24,1
DA:33,51
DA:38,6
DA:40,6
DA:41,1
DA:44,5
DA:46,5
DA:47,5
DA:52,5
DA:53,5
DA:54,5
DA:59,5
DA:60,5
DA:62,5
DA:63,1
DA:66,4
DA:67,2
DA:70,2
DA:79,1
DA:85,1
LF:26
LH:26
BRDA:40,0,0,1
BRDA:62,1,0,1
BRDA:66,2,0,2
BRDA:66,3,0,4
BRDA:66,3,1,3
BRDA:66,3,2,2
BRF:6
BRH:6
end_of_record
TN:
SF:js\src\base-component.js
FN:24,(anonymous_0)
FN:39,(anonymous_1)
FN:48,(anonymous_2)
FN:52,(anonymous_3)
FN:60,(anonymous_4)
FN:64,(anonymous_5)
FN:68,(anonymous_6)
FN:72,(anonymous_7)
FN:76,(anonymous_8)
FN:80,(anonymous_9)
FNF:10
FNH:10
FNDA:569,(anonymous_0)
FNDA:25,(anonymous_1)
FNDA:947,(anonymous_2)
FNDA:464,(anonymous_3)
FNDA:475,(anonymous_4)
FNDA:282,(anonymous_5)
FNDA:13,(anonymous_6)
FNDA:1646,(anonymous_7)
FNDA:569,(anonymous_8)
FNDA:519,(anonymous_9)
DA:17,14
DA:25,569
DA:27,569
DA:28,569
DA:29,2
DA:32,567
DA:33,567
DA:35,565
DA:40,25
DA:41,25
DA:43,25
DA:44,142
DA:49,947
DA:53,464
DA:54,464
DA:55,464
DA:56,464
DA:61,475
DA:65,282
DA:69,13
DA:73,1646
DA:77,569
DA:81,519
LF:23
LH:23
BRDA:28,0,0,2
BRDA:48,1,0,4
BRDA:64,2,0,169
BRDA:65,3,0,282
BRDA:65,3,1,149
BRDA:65,4,0,136
BRDA:65,4,1,13
BRF:7
BRH:7
end_of_record
TN:
SF:js\src\button.js
FN:31,(anonymous_0)
FN:36,(anonymous_1)
FN:42,(anonymous_2)
FN:43,(anonymous_3)
FN:57,(anonymous_4)
FNF:5
FNH:5
FNDA:34,(anonymous_0)
FNDA:5,(anonymous_1)
FNDA:3,(anonymous_2)
FNDA:3,(anonymous_3)
FNDA:3,(anonymous_4)
DA:16,1
DA:17,1
DA:18,1
DA:19,1
DA:21,1
DA:22,1
DA:23,1
DA:32,34
DA:38,5
DA:43,3
DA:44,3
DA:46,3
DA:47,2
DA:57,1
DA:58,3
DA:60,3
DA:61,3
DA:63,3
DA:70,1
LF:19
LH:19
BRDA:46,0,0,2
BRF:1
BRH:1
end_of_record
TN:
SF:js\src\carousel.js
FN:93,(anonymous_0)
FN:111,(anonymous_1)
FN:115,(anonymous_2)
FN:119,(anonymous_3)
FN:124,(anonymous_4)
FN:128,(anonymous_5)
FN:137,(anonymous_6)
FN:141,(anonymous_7)
FN:149,(anonymous_8)
FN:153,(anonymous_9)
FN:156,(anonymous_10)
FN:162,(anonymous_11)
FN:169,(anonymous_12)
FN:176,(anonymous_13)
FN:190,(anonymous_14)
FN:199,(anonymous_15)
FN:204,(anonymous_16)
FN:206,(anonymous_17)
FN:210,(anonymous_18)
FN:211,(anonymous_19)
FN:219,(anonymous_20)
FN:221,(anonymous_21)
FN:224,(anonymous_22)
FN:242,(anonymous_23)
FN:246,(anonymous_24)
FN:247,(anonymous_25)
FN:254,(anonymous_26)
FN:266,(anonymous_27)
FN:270,(anonymous_28)
FN:288,(anonymous_29)
FN:300,(anonymous_30)
FN:315,(anonymous_31)
FN:354,(anonymous_32)
FN:372,(anonymous_33)
FN:376,(anonymous_34)
FN:380,(anonymous_35)
FN:384,(anonymous_36)
FN:391,(anonymous_37)
FN:399,(anonymous_38)
FN:408,(anonymous_39)
FN:409,(anonymous_40)
FN:432,(anonymous_41)
FN:460,(anonymous_42)
FNF:43
FNH:42
FNDA:61,(anonymous_0)
FNDA:62,(anonymous_1)
FNDA:61,(anonymous_2)
FNDA:93,(anonymous_3)
FNDA:13,(anonymous_4)
FNDA:23,(anonymous_5)
FNDA:4,(anonymous_6)
FNDA:31,(anonymous_7)
FNDA:7,(anonymous_8)
FNDA:22,(anonymous_9)
FNDA:10,(anonymous_10)
FNDA:1,(anonymous_11)
FNDA:7,(anonymous_12)
FNDA:1,(anonymous_13)
FNDA:1,(anonymous_14)
FNDA:61,(anonymous_15)
FNDA:62,(anonymous_16)
FNDA:7,(anonymous_17)
FNDA:1,(anonymous_18)
FNDA:1,(anonymous_19)
FNDA:58,(anonymous_20)
FNDA:0,(anonymous_21)
FNDA:8,(anonymous_22)
FNDA:6,(anonymous_23)
FNDA:2,(anonymous_24)
FNDA:3,(anonymous_25)
FNDA:7,(anonymous_26)
FNDA:80,(anonymous_27)
FNDA:22,(anonymous_28)
FNDA:7,(anonymous_29)
FNDA:34,(anonymous_30)
FNDA:49,(anonymous_31)
FNDA:22,(anonymous_32)
FNDA:22,(anonymous_33)
FNDA:37,(anonymous_34)
FNDA:112,(anonymous_35)
FNDA:36,(anonymous_36)
FNDA:17,(anonymous_37)
FNDA:53,(anonymous_38)
FNDA:4,(anonymous_39)
FNDA:4,(anonymous_40)
FNDA:7,(anonymous_41)
FNDA:4,(anonymous_42)
DA:26,1
DA:27,1
DA:28,1
DA:29,1
DA:31,1
DA:32,1
DA:33,1
DA:35,1
DA:36,1
DA:37,1
DA:38,1
DA:40,1
DA:41,1
DA:42,1
DA:43,1
DA:44,1
DA:45,1
DA:46,1
DA:47,1
DA:49,1
DA:50,1
DA:51,1
DA:52,1
DA:53,1
DA:54,1
DA:55,1
DA:57,1
DA:58,1
DA:59,1
DA:60,1
DA:61,1
DA:62,1
DA:63,1
DA:65,1
DA:70,1
DA:79,1
DA:94,61
DA:96,61
DA:97,61
DA:98,61
DA:99,61
DA:100,61
DA:102,61
DA:103,61
DA:105,61
DA:106,2
DA:112,62
DA:116,61
DA:120,93
DA:125,13
DA:132,23
DA:133,0
DA:138,4
DA:142,31
DA:143,4
DA:146,31
DA:150,7
DA:151,7
DA:153,22
DA:157,10
DA:158,8
DA:161,2
DA:162,1
DA:163,1
DA:166,1
DA:170,7
DA:171,7
DA:172,2
DA:175,5
DA:176,1
DA:177,1
DA:180,4
DA:181,4
DA:182,1
DA:185,3
DA:187,3
DA:191,1
DA:192,1
DA:195,1
DA:200,61
DA:201,61
DA:205,62
DA:206,61
DA:209,62
DA:210,61
DA:211,61
DA:214,62
DA:215,59
DA:220,58
DA:221,10
DA:224,58
DA:225,8
DA:226,0
DA:237,8
DA:238,8
DA:239,2
DA:242,8
DA:245,58
DA:246,2
DA:247,3
DA:251,58
DA:255,7
DA:256,2
DA:259,5
DA:260,5
DA:261,4
DA:262,4
DA:267,80
DA:271,22
DA:272,21
DA:275,1
DA:277,1
DA:278,1
DA:280,1
DA:282,1
DA:283,1
DA:284,1
DA:289,7
DA:291,7
DA:292,2
DA:295,5
DA:297,5
DA:301,34
DA:302,6
DA:305,28
DA:306,28
DA:307,28
DA:309,28
DA:310,1
DA:313,27
DA:315,27
DA:316,49
DA:324,27
DA:326,27
DA:327,1
DA:330,26
DA:333,4
DA:336,22
DA:337,22
DA:339,22
DA:341,22
DA:342,22
DA:344,22
DA:345,22
DA:347,22
DA:349,22
DA:351,22
DA:352,22
DA:354,22
DA:355,22
DA:356,22
DA:358,22
DA:360,22
DA:362,22
DA:365,22
DA:367,22
DA:368,0
DA:373,22
DA:377,37
DA:381,112
DA:385,36
DA:386,2
DA:387,2
DA:392,17
DA:393,4
DA:396,13
DA:400,53
DA:401,4
DA:404,49
DA:409,4
DA:410,4
DA:412,4
DA:413,1
DA:414,1
DA:417,3
DA:418,1
DA:419,1
DA:422,0
DA:432,1
DA:433,7
DA:435,7
DA:436,2
DA:439,5
DA:441,5
DA:442,5
DA:444,5
DA:445,1
DA:446,1
DA:447,1
DA:450,4
DA:451,3
DA:452,3
DA:453,3
DA:456,1
DA:457,1
DA:460,1
DA:461,4
DA:463,4
DA:464,1
DA:472,1
LF:200
LH:196
BRDA:105,0,0,2
BRDA:132,1,0,0
BRDA:132,2,0,23
BRDA:132,2,1,23
BRDA:142,3,0,4
BRDA:157,4,0,8
BRDA:161,5,0,1
BRDA:171,6,0,2
BRDA:171,7,0,7
BRDA:171,7,1,6
BRDA:175,8,0,1
BRDA:181,9,0,1
BRDA:185,10,0,2
BRDA:185,10,1,1
BRDA:191,11,0,1
BRDA:205,12,0,61
BRDA:209,13,0,61
BRDA:214,14,0,59
BRDA:214,15,0,62
BRDA:214,15,1,61
BRDA:225,16,0,0
BRDA:238,17,0,2
BRDA:255,18,0,2
BRDA:260,19,0,4
BRDA:271,20,0,21
BRDA:282,21,0,1
BRDA:289,22,0,7
BRDA:289,22,1,5
BRDA:291,23,0,2
BRDA:297,24,0,5
BRDA:297,24,1,3
BRDA:300,25,0,31
BRDA:301,26,0,6
BRDA:307,27,0,28
BRDA:307,27,1,25
BRDA:309,28,0,1
BRDA:326,29,0,1
BRDA:330,30,0,4
BRDA:330,31,0,26
BRDA:330,31,1,22
BRDA:344,32,0,16
BRDA:344,32,1,6
BRDA:345,33,0,16
BRDA:345,33,1,6
BRDA:367,34,0,0
BRDA:385,35,0,2
BRDA:392,36,0,4
BRDA:393,37,0,2
BRDA:393,37,1,2
BRDA:396,38,0,6
BRDA:396,38,1,7
BRDA:400,39,0,4
BRDA:401,40,0,2
BRDA:401,40,1,2
BRDA:404,41,0,14
BRDA:404,41,1,35
BRDA:412,42,0,1
BRDA:417,43,0,1
BRDA:418,44,0,1
BRDA:418,45,0,1
BRDA:418,45,1,0
BRDA:418,45,2,0
BRDA:435,46,0,2
BRDA:435,47,0,7
BRDA:435,47,1,6
BRDA:444,48,0,1
BRDA:450,49,0,3
BRF:67
BRH:62
end_of_record
TN:
SF:js\src\collapse.js
FN:60,(anonymous_0)
FN:71,(anonymous_1)
FN:90,(anonymous_2)
FN:94,(anonymous_3)
FN:98,(anonymous_4)
FN:103,(anonymous_5)
FN:111,(anonymous_6)
FN:121,(anonymous_7)
FN:122,(anonymous_8)
FN:148,(anonymous_9)
FN:166,(anonymous_10)
FN:195,(anonymous_11)
FN:207,(anonymous_12)
FN:212,(anonymous_13)
FN:218,(anonymous_14)
FN:222,(anonymous_15)
FN:238,(anonymous_16)
FN:241,(anonymous_17)
FN:244,(anonymous_18)
FN:256,(anonymous_19)
FN:262,(anonymous_20)
FN:280,(anonymous_21)
FNF:22
FNH:22
FNDA:53,(anonymous_0)
FNDA:65,(anonymous_1)
FNDA:54,(anonymous_2)
FNDA:53,(anonymous_3)
FNDA:115,(anonymous_4)
FNDA:44,(anonymous_5)
FNDA:357,(anonymous_6)
FNDA:11,(anonymous_7)
FNDA:11,(anonymous_8)
FNDA:351,(anonymous_9)
FNDA:334,(anonymous_10)
FNDA:331,(anonymous_11)
FNDA:818,(anonymous_12)
FNDA:53,(anonymous_13)
FNDA:683,(anonymous_14)
FNDA:53,(anonymous_15)
FNDA:353,(anonymous_16)
FNDA:50,(anonymous_17)
FNDA:437,(anonymous_18)
FNDA:3,(anonymous_19)
FNDA:3,(anonymous_20)
FNDA:23,(anonymous_21)
DA:21,1
DA:22,1
DA:23,1
DA:24,1
DA:26,1
DA:27,1
DA:28,1
DA:29,1
DA:30,1
DA:32,1
DA:33,1
DA:34,1
DA:35,1
DA:36,1
DA:37,1
DA:39,1
DA:40,1
DA:42,1
DA:43,1
DA:45,1
DA:50,1
DA:61,53
DA:63,53
DA:64,53
DA:66,53
DA:68,53
DA:69,58
DA:70,58
DA:71,65
DA:73,58
DA:74,29
DA:78,53
DA:80,53
DA:81,33
DA:84,53
DA:85,13
DA:91,54
DA:95,53
DA:99,115
DA:104,44
DA:105,7
DA:107,37
DA:112,357
DA:113,4
DA:116,353
DA:119,353
DA:120,333
DA:121,11
DA:122,11
DA:125,353
DA:126,0
DA:129,353
DA:130,353
DA:131,1
DA:134,352
DA:135,11
DA:138,352
DA:140,352
DA:141,352
DA:143,352
DA:145,352
DA:146,352
DA:148,352
DA:149,351
DA:151,351
DA:152,351
DA:154,351
DA:156,351
DA:159,352
DA:160,352
DA:162,352
DA:163,352
DA:167,334
DA:168,2
DA:171,332
DA:172,332
DA:173,1
DA:176,331
DA:178,331
DA:180,331
DA:182,331
DA:183,331
DA:185,331
DA:186,332
DA:188,332
DA:189,21
DA:193,331
DA:195,331
DA:196,331
DA:197,331
DA:198,331
DA:199,331
DA:202,331
DA:204,331
DA:208,818
DA:213,53
DA:214,53
DA:215,53
DA:219,683
DA:223,53
DA:224,33
DA:227,20
DA:229,20
DA:230,38
DA:232,38
DA:233,31
DA:239,353
DA:241,353
DA:245,437
DA:246,39
DA:249,398
DA:250,405
DA:251,405
DA:257,3
DA:258,3
DA:259,0
DA:262,3
DA:263,3
DA:265,3
DA:266,1
DA:267,1
DA:270,0
DA:280,1
DA:282,23
DA:283,17
DA:286,23
DA:287,28
DA:295,1
LF:128
LH:125
BRDA:73,0,0,29
BRDA:73,1,0,58
BRDA:73,1,1,51
BRDA:80,2,0,33
BRDA:84,3,0,13
BRDA:104,4,0,7
BRDA:104,4,1,37
BRDA:112,5,0,4
BRDA:112,6,0,357
BRDA:112,6,1,354
BRDA:119,7,0,333
BRDA:125,8,0,0
BRDA:125,9,0,353
BRDA:125,9,1,10
BRDA:130,10,0,1
BRDA:167,11,0,2
BRDA:167,12,0,334
BRDA:167,12,1,333
BRDA:172,13,0,1
BRDA:188,14,0,21
BRDA:188,15,0,332
BRDA:188,15,1,23
BRDA:207,16,0,764
BRDA:219,17,0,1
BRDA:219,17,1,682
BRDA:223,18,0,33
BRDA:232,19,0,31
BRDA:245,20,0,39
BRDA:258,21,0,0
BRDA:258,22,0,3
BRDA:258,22,1,1
BRDA:265,23,0,1
BRDA:266,24,0,1
BRDA:282,25,0,17
BRDA:282,26,0,23
BRDA:282,26,1,7
BRDA:282,26,2,7
BRF:37
BRH:35
end_of_record
TN:
SF:js\src\dropdown.js
FN:94,(anonymous_0)
FN:107,(anonymous_1)
FN:111,(anonymous_2)
FN:115,(anonymous_3)
FN:120,(anonymous_4)
FN:124,(anonymous_5)
FN:159,(anonymous_6)
FN:171,(anonymous_7)
FN:179,(anonymous_8)
FN:187,(anonymous_9)
FN:212,(anonymous_10)
FN:225,(anonymous_11)
FN:244,(anonymous_12)
FN:248,(anonymous_13)
FN:277,(anonymous_14)
FN:281,(anonymous_15)
FN:285,(anonymous_16)
FN:289,(anonymous_17)
FN:295,(anonymous_18)
FN:327,(anonymous_19)
FN:328,(anonymous_20)
FN:340,(anonymous_21)
FN:341,(anonymous_22)
FN:356,(anonymous_23)
FN:394,(anonymous_24)
FN:444,(anonymous_25)
FNF:26
FNH:26
FNDA:90,(anonymous_0)
FNDA:91,(anonymous_1)
FNDA:91,(anonymous_2)
FNDA:197,(anonymous_3)
FNDA:50,(anonymous_4)
FNDA:72,(anonymous_5)
FNDA:16,(anonymous_6)
FNDA:2,(anonymous_7)
FNDA:2,(anonymous_8)
FNDA:27,(anonymous_9)
FNDA:90,(anonymous_10)
FNDA:58,(anonymous_11)
FNDA:137,(anonymous_12)
FNDA:60,(anonymous_13)
FNDA:88,(anonymous_14)
FNDA:62,(anonymous_15)
FNDA:2,(anonymous_16)
FNDA:15,(anonymous_17)
FNDA:60,(anonymous_18)
FNDA:10,(anonymous_19)
FNDA:18,(anonymous_20)
FNDA:3,(anonymous_21)
FNDA:3,(anonymous_22)
FNDA:147,(anonymous_23)
FNDA:23,(anonymous_24)
FNDA:29,(anonymous_25)
DA:29,1
DA:30,1
DA:31,1
DA:32,1
DA:34,1
DA:35,1
DA:36,1
DA:37,1
DA:38,1
DA:40,1
DA:41,1
DA:42,1
DA:43,1
DA:44,1
DA:45,1
DA:46,1
DA:48,1
DA:49,1
DA:50,1
DA:51,1
DA:52,1
DA:53,1
DA:55,1
DA:56,1
DA:57,1
DA:58,1
DA:59,1
DA:60,1
DA:62,1
DA:63,1
DA:64,1
DA:65,1
DA:66,1
DA:67,1
DA:68,1
DA:69,1
DA:71,1
DA:80,1
DA:95,90
DA:97,88
DA:98,88
DA:100,88
DA:103,88
DA:108,91
DA:112,91
DA:116,197
DA:121,50
DA:125,72
DA:126,12
DA:129,60
DA:133,60
DA:135,60
DA:136,2
DA:139,58
DA:145,58
DA:146,58
DA:147,2030
DA:151,58
DA:152,58
DA:154,58
DA:155,58
DA:156,58
DA:160,16
DA:161,3
DA:164,13
DA:168,13
DA:172,2
DA:173,1
DA:176,2
DA:180,2
DA:181,2
DA:182,1
DA:188,27
DA:189,27
DA:190,1
DA:195,26
DA:196,26
DA:197,910
DA:201,26
DA:202,24
DA:205,26
DA:206,26
DA:207,26
DA:208,26
DA:209,26
DA:213,90
DA:215,90
DA:219,2
DA:222,88
DA:226,58
DA:227,0
DA:230,58
DA:232,58
DA:233,1
DA:234,57
DA:235,3
DA:236,54
DA:237,0
DA:240,58
DA:241,58
DA:245,137
DA:249,60
DA:251,60
DA:252,1
DA:255,59
DA:256,1
DA:259,58
DA:260,1
DA:263,57
DA:264,1
DA:268,56
DA:270,56
DA:271,2
DA:274,54
DA:278,88
DA:282,62
DA:284,62
DA:285,2
DA:288,61
DA:289,15
DA:292,59
DA:296,60
DA:313,60
DA:314,4
DA:315,4
DA:321,60
DA:328,18
DA:330,10
DA:331,0
DA:336,10
DA:341,3
DA:342,3
DA:344,3
DA:345,2
DA:348,1
DA:349,1
DA:352,0
DA:357,147
DA:358,2
DA:361,145
DA:363,145
DA:364,41
DA:365,41
DA:366,3
DA:369,38
DA:370,38
DA:371,38
DA:376,22
DA:380,16
DA:381,2
DA:384,14
DA:386,14
DA:387,11
DA:390,14
DA:398,23
DA:399,23
DA:400,23
DA:402,23
DA:403,2
DA:406,21
DA:407,6
DA:410,15
DA:413,15
DA:419,15
DA:421,15
DA:422,10
DA:423,10
DA:424,10
DA:425,10
DA:428,5
DA:429,4
DA:430,4
DA:431,4
DA:440,1
DA:441,1
DA:442,1
DA:443,1
DA:444,1
DA:445,29
DA:446,29
DA:453,1
LF:181
LH:177
BRDA:62,0,0,0
BRDA:62,0,1,1
BRDA:63,1,0,0
BRDA:63,1,1,1
BRDA:64,2,0,0
BRDA:64,2,1,1
BRDA:65,3,0,0
BRDA:65,3,1,1
BRDA:66,4,0,0
BRDA:66,4,1,1
BRDA:67,5,0,0
BRDA:67,5,1,1
BRDA:100,6,0,88
BRDA:100,6,1,10
BRDA:100,6,2,9
BRDA:121,7,0,2
BRDA:121,7,1,48
BRDA:125,8,0,12
BRDA:125,9,0,72
BRDA:125,9,1,68
BRDA:135,10,0,2
BRDA:145,11,0,58
BRDA:145,12,0,58
BRDA:145,12,1,58
BRDA:160,13,0,3
BRDA:160,14,0,16
BRDA:160,14,1,14
BRDA:172,15,0,1
BRDA:181,16,0,1
BRDA:189,17,0,1
BRDA:195,18,0,26
BRDA:201,19,0,24
BRDA:215,20,0,2
BRDA:215,21,0,90
BRDA:215,21,1,5
BRDA:215,21,2,2
BRDA:226,22,0,0
BRDA:232,23,0,1
BRDA:232,23,1,57
BRDA:234,24,0,3
BRDA:234,24,1,54
BRDA:236,25,0,0
BRDA:251,26,0,1
BRDA:255,27,0,1
BRDA:259,28,0,1
BRDA:263,29,0,1
BRDA:270,30,0,2
BRDA:271,31,0,0
BRDA:271,31,1,2
BRDA:274,32,0,0
BRDA:274,32,1,54
BRDA:284,33,0,1
BRDA:288,34,0,2
BRDA:313,35,0,4
BRDA:313,36,0,60
BRDA:313,36,1,58
BRDA:330,37,0,0
BRDA:344,38,0,2
BRDA:348,39,0,1
BRDA:357,40,0,2
BRDA:357,41,0,147
BRDA:357,41,1,147
BRDA:357,41,2,5
BRDA:365,42,0,3
BRDA:365,43,0,41
BRDA:365,43,1,41
BRDA:371,44,0,22
BRDA:372,45,0,38
BRDA:372,45,1,18
BRDA:372,45,2,2
BRDA:372,45,3,17
BRDA:372,45,4,2
BRDA:380,46,0,2
BRDA:380,47,0,16
BRDA:380,47,1,4
BRDA:380,47,2,0
BRDA:380,47,3,4
BRDA:386,48,0,11
BRDA:402,49,0,2
BRDA:402,50,0,23
BRDA:402,50,1,7
BRDA:406,51,0,6
BRDA:406,52,0,21
BRDA:406,52,1,7
BRDA:414,53,0,12
BRDA:414,53,1,3
BRDA:415,54,0,3
BRDA:415,54,1,0
BRDA:415,54,2,0
BRDA:421,55,0,10
BRDA:428,56,0,4
BRF:91
BRH:77
end_of_record
TN:
SF:js\src\modal.js
FN:65,(anonymous_0)
FN:79,(anonymous_1)
FN:83,(anonymous_2)
FN:87,(anonymous_3)
FN:92,(anonymous_4)
FN:96,(anonymous_5)
FN:118,(anonymous_6)
FN:121,(anonymous_7)
FN:138,(anonymous_8)
FN:141,(anonymous_9)
FN:151,(anonymous_10)
FN:156,(anonymous_11)
FN:163,(anonymous_12)
FN:169,(anonymous_13)
FN:190,(anonymous_14)
FN:204,(anonymous_15)
FN:205,(anonymous_16)
FN:219,(anonymous_17)
FN:225,(anonymous_18)
FN:227,(anonymous_19)
FN:244,(anonymous_20)
FN:251,(anonymous_21)
FN:259,(anonymous_22)
FN:263,(anonymous_23)
FN:281,(anonymous_24)
FN:283,(anonymous_25)
FN:295,(anonymous_26)
FN:311,(anonymous_27)
FN:317,(anonymous_28)
FN:318,(anonymous_29)
FN:338,(anonymous_30)
FN:345,(anonymous_31)
FN:351,(anonymous_32)
FNF:33
FNH:33
FNDA:57,(anonymous_0)
FNDA:58,(anonymous_1)
FNDA:57,(anonymous_2)
FNDA:103,(anonymous_3)
FNDA:10,(anonymous_4)
FNDA:42,(anonymous_5)
FNDA:37,(anonymous_6)
FNDA:16,(anonymous_7)
FNDA:13,(anonymous_8)
FNDA:1,(anonymous_9)
FNDA:1,(anonymous_10)
FNDA:57,(anonymous_11)
FNDA:57,(anonymous_12)
FNDA:37,(anonymous_13)
FNDA:37,(anonymous_14)
FNDA:57,(anonymous_15)
FNDA:4,(anonymous_16)
FNDA:106,(anonymous_17)
FNDA:4,(anonymous_18)
FNDA:4,(anonymous_19)
FNDA:13,(anonymous_20)
FNDA:13,(anonymous_21)
FNDA:108,(anonymous_22)
FNDA:3,(anonymous_23)
FNDA:2,(anonymous_24)
FNDA:2,(anonymous_25)
FNDA:84,(anonymous_26)
FNDA:13,(anonymous_27)
FNDA:6,(anonymous_28)
FNDA:6,(anonymous_29)
FNDA:8,(anonymous_30)
FNDA:8,(anonymous_31)
FNDA:3,(anonymous_32)
DA:21,1
DA:22,1
DA:23,1
DA:24,1
DA:25,1
DA:27,1
DA:28,1
DA:29,1
DA:30,1
DA:31,1
DA:32,1
DA:33,1
DA:34,1
DA:35,1
DA:36,1
DA:38,1
DA:39,1
DA:40,1
DA:41,1
DA:43,1
DA:44,1
DA:45,1
DA:46,1
DA:48,1
DA:54,1
DA:66,57
DA:68,57
DA:69,57
DA:70,57
DA:71,57
DA:72,57
DA:73,57
DA:75,57
DA:80,58
DA:84,57
DA:88,103
DA:93,10
DA:97,42
DA:98,2
DA:101,40
DA:105,40
DA:106,3
DA:109,37
DA:110,37
DA:112,37
DA:114,37
DA:116,37
DA:118,37
DA:122,16
DA:123,2
DA:126,14
DA:128,14
DA:129,1
DA:132,13
DA:133,13
DA:134,13
DA:136,13
DA:138,13
DA:142,1
DA:143,2
DA:146,1
DA:147,1
DA:148,1
DA:152,1
DA:157,57
DA:164,57
DA:171,37
DA:172,1
DA:175,37
DA:176,37
DA:177,37
DA:178,37
DA:179,37
DA:181,37
DA:182,37
DA:183,1
DA:186,37
DA:188,37
DA:190,37
DA:191,37
DA:192,36
DA:195,37
DA:196,37
DA:201,37
DA:205,57
DA:206,4
DA:207,1
DA:210,3
DA:211,2
DA:212,2
DA:213,2
DA:216,1
DA:219,57
DA:220,106
DA:221,47
DA:225,57
DA:227,4
DA:228,4
DA:229,1
DA:232,3
DA:233,2
DA:234,2
DA:237,1
DA:238,1
DA:245,13
DA:246,13
DA:247,13
DA:248,13
DA:249,13
DA:251,13
DA:252,13
DA:253,13
DA:254,13
DA:255,13
DA:260,108
DA:264,3
DA:265,3
DA:266,0
DA:269,3
DA:270,3
DA:272,3
DA:273,1
DA:276,2
DA:277,2
DA:280,2
DA:281,2
DA:282,2
DA:283,2
DA:284,2
DA:288,2
DA:296,84
DA:297,84
DA:298,84
DA:300,84
DA:301,0
DA:302,0
DA:305,84
DA:306,0
DA:307,0
DA:312,13
DA:313,13
DA:318,6
DA:319,6
DA:321,6
DA:322,4
DA:325,2
DA:326,1
DA:329,1
DA:338,1
DA:339,8
DA:341,8
DA:342,4
DA:345,8
DA:346,8
DA:348,1
DA:351,7
DA:352,3
DA:353,2
DA:359,8
DA:360,8
DA:361,2
DA:364,8
DA:366,8
DA:369,1
DA:375,1
LF:165
LH:160
BRDA:93,0,0,1
BRDA:93,0,1,9
BRDA:97,1,0,2
BRDA:97,2,0,42
BRDA:97,2,1,41
BRDA:105,3,0,3
BRDA:122,4,0,2
BRDA:122,5,0,16
BRDA:122,5,1,14
BRDA:128,6,0,1
BRDA:171,7,0,1
BRDA:182,8,0,1
BRDA:191,9,0,36
BRDA:206,10,0,1
BRDA:210,11,0,2
BRDA:220,12,0,47
BRDA:220,13,0,106
BRDA:220,13,1,47
BRDA:228,14,0,1
BRDA:228,15,0,4
BRDA:228,15,1,4
BRDA:232,16,0,2
BRDA:237,17,0,1
BRDA:265,18,0,0
BRDA:272,19,0,1
BRDA:272,20,0,3
BRDA:272,20,1,2
BRDA:276,21,0,2
BRDA:300,22,0,0
BRDA:300,23,0,84
BRDA:300,23,1,0
BRDA:301,24,0,0
BRDA:301,24,1,0
BRDA:305,25,0,0
BRDA:305,26,0,84
BRDA:305,26,1,84
BRDA:306,27,0,0
BRDA:306,27,1,0
BRDA:321,28,0,4
BRDA:325,29,0,1
BRDA:341,30,0,4
BRDA:346,31,0,1
BRDA:352,32,0,2
BRDA:360,33,0,2
BRF:44
BRH:36
end_of_record
TN:
SF:js\src\offcanvas.js
FN:66,(anonymous_0)
FN:76,(anonymous_1)
FN:80,(anonymous_2)
FN:84,(anonymous_3)
FN:89,(anonymous_4)
FN:93,(anonymous_5)
FN:115,(anonymous_6)
FN:128,(anonymous_7)
FN:145,(anonymous_8)
FN:160,(anonymous_9)
FN:167,(anonymous_10)
FN:168,(anonymous_11)
FN:189,(anonymous_12)
FN:195,(anonymous_13)
FN:196,(anonymous_14)
FN:211,(anonymous_15)
FN:212,(anonymous_16)
FN:232,(anonymous_17)
FN:243,(anonymous_18)
FN:260,(anonymous_19)
FN:266,(anonymous_20)
FNF:21
FNH:21
FNDA:46,(anonymous_0)
FNDA:47,(anonymous_1)
FNDA:46,(anonymous_2)
FNDA:86,(anonymous_3)
FNDA:6,(anonymous_4)
FNDA:25,(anonymous_5)
FNDA:23,(anonymous_6)
FNDA:12,(anonymous_7)
FNDA:10,(anonymous_8)
FNDA:1,(anonymous_9)
FNDA:46,(anonymous_10)
FNDA:2,(anonymous_11)
FNDA:46,(anonymous_12)
FNDA:46,(anonymous_13)
FNDA:4,(anonymous_14)
FNDA:7,(anonymous_15)
FNDA:7,(anonymous_16)
FNDA:5,(anonymous_17)
FNDA:2,(anonymous_18)
FNDA:4,(anonymous_19)
FNDA:2,(anonymous_20)
DA:25,1
DA:26,1
DA:27,1
DA:28,1
DA:29,1
DA:30,1
DA:32,1
DA:33,1
DA:34,1
DA:35,1
DA:36,1
DA:38,1
DA:39,1
DA:40,1
DA:41,1
DA:42,1
DA:43,1
DA:44,1
DA:45,1
DA:47,1
DA:49,1
DA:55,1
DA:67,46
DA:69,46
DA:70,46
DA:71,46
DA:72,46
DA:77,47
DA:81,46
DA:85,86
DA:90,6
DA:94,25
DA:95,1
DA:98,24
DA:100,24
DA:101,1
DA:104,23
DA:105,23
DA:107,23
DA:108,20
DA:111,23
DA:112,23
DA:113,23
DA:115,23
DA:116,23
DA:117,22
DA:120,23
DA:121,23
DA:122,23
DA:125,23
DA:129,12
DA:130,1
DA:133,11
DA:135,11
DA:136,1
DA:139,10
DA:140,10
DA:141,10
DA:142,10
DA:143,10
DA:145,10
DA:146,10
DA:147,10
DA:148,10
DA:150,10
DA:151,9
DA:154,10
DA:157,10
DA:161,1
DA:162,1
DA:163,1
DA:168,46
DA:169,2
DA:170,1
DA:171,1
DA:174,1
DA:178,46
DA:180,46
DA:190,46
DA:196,46
DA:197,4
DA:198,1
DA:201,3
DA:202,1
DA:203,1
DA:206,2
DA:212,7
DA:213,7
DA:215,7
DA:216,3
DA:219,4
DA:220,3
DA:223,1
DA:232,1
DA:233,5
DA:235,5
DA:236,1
DA:239,5
DA:240,1
DA:243,4
DA:245,2
DA:246,1
DA:251,4
DA:252,4
DA:253,1
DA:256,4
DA:257,4
DA:260,1
DA:261,4
DA:262,1
DA:266,1
DA:267,2
DA:268,1
DA:269,1
DA:274,1
DA:280,1
LF:116
LH:116
BRDA:90,0,0,1
BRDA:90,0,1,5
BRDA:94,1,0,1
BRDA:100,2,0,1
BRDA:107,3,0,20
BRDA:116,4,0,22
BRDA:116,5,0,23
BRDA:116,5,1,3
BRDA:129,6,0,1
BRDA:135,7,0,1
BRDA:150,8,0,9
BRDA:169,9,0,1
BRDA:185,10,0,44
BRDA:185,10,1,2
BRDA:197,11,0,1
BRDA:201,12,0,1
BRDA:215,13,0,3
BRDA:219,14,0,3
BRDA:219,15,0,4
BRDA:219,15,1,3
BRDA:219,15,2,2
BRDA:235,16,0,1
BRDA:239,17,0,1
BRDA:245,18,0,1
BRDA:252,19,0,1
BRDA:252,20,0,4
BRDA:252,20,1,1
BRDA:268,21,0,1
BRF:28
BRH:28
end_of_record
TN:
SF:js\src\popover.js
FN:44,(anonymous_0)
FN:48,(anonymous_1)
FN:52,(anonymous_2)
FN:57,(anonymous_3)
FN:62,(anonymous_4)
FN:69,(anonymous_5)
FN:74,(anonymous_6)
FN:75,(anonymous_7)
FNF:8
FNH:8
FNDA:21,(anonymous_0)
FNDA:21,(anonymous_1)
FNDA:128,(anonymous_2)
FNDA:11,(anonymous_3)
FNDA:9,(anonymous_4)
FNDA:14,(anonymous_5)
FNDA:5,(anonymous_6)
FNDA:5,(anonymous_7)
DA:15,1
DA:17,1
DA:18,1
DA:20,1
DA:33,1
DA:45,21
DA:49,21
DA:53,128
DA:58,11
DA:63,9
DA:70,14
DA:75,5
DA:76,5
DA:78,5
DA:79,3
DA:82,2
DA:83,1
DA:86,1
DA:95,1
LF:19
LH:19
BRDA:58,0,0,11
BRDA:58,0,1,5
BRDA:78,1,0,3
BRDA:82,2,0,1
BRF:4
BRH:4
end_of_record
TN:
SF:js\src\scrollspy.js
FN:60,(anonymous_0)
FN:77,(anonymous_1)
FN:81,(anonymous_2)
FN:85,(anonymous_3)
FN:90,(anonymous_4)
FN:105,(anonymous_5)
FN:111,(anonymous_6)
FN:119,(anonymous_7)
FN:125,(anonymous_8)
FN:133,(anonymous_9)
FN:150,(anonymous_10)
FN:157,(anonymous_11)
FN:161,(anonymous_12)
FN:162,(anonymous_13)
FN:163,(anonymous_14)
FN:199,(anonymous_15)
FN:221,(anonymous_16)
FN:234,(anonymous_17)
FN:251,(anonymous_18)
FN:261,(anonymous_19)
FN:262,(anonymous_20)
FN:282,(anonymous_21)
FNF:22
FNH:22
FNDA:36,(anonymous_0)
FNDA:37,(anonymous_1)
FNDA:36,(anonymous_2)
FNDA:67,(anonymous_3)
FNDA:37,(anonymous_4)
FNDA:1,(anonymous_5)
FNDA:36,(anonymous_6)
FNDA:3,(anonymous_7)
FNDA:37,(anonymous_8)
FNDA:3,(anonymous_9)
FNDA:36,(anonymous_10)
FNDA:53,(anonymous_11)
FNDA:53,(anonymous_12)
FNDA:73,(anonymous_13)
FNDA:23,(anonymous_14)
FNDA:37,(anonymous_15)
FNDA:23,(anonymous_16)
FNDA:22,(anonymous_17)
FNDA:72,(anonymous_18)
FNDA:7,(anonymous_19)
FNDA:7,(anonymous_20)
FNDA:4,(anonymous_21)
DA:17,1
DA:18,1
DA:19,1
DA:20,1
DA:22,1
DA:23,1
DA:24,1
DA:26,1
DA:27,1
DA:29,1
DA:30,1
DA:31,1
DA:32,1
DA:33,1
DA:34,1
DA:35,1
DA:36,1
DA:37,1
DA:39,1
DA:47,1
DA:61,36
DA:64,36
DA:65,36
DA:66,36
DA:67,36
DA:68,36
DA:69,36
DA:73,36
DA:78,37
DA:82,36
DA:86,67
DA:91,37
DA:92,37
DA:94,37
DA:95,1
DA:97,36
DA:100,37
DA:101,48
DA:106,1
DA:107,1
DA:113,36
DA:116,36
DA:118,36
DA:119,3
DA:122,36
DA:126,37
DA:127,33
DA:131,4
DA:133,4
DA:134,3
DA:135,3
DA:136,2
DA:137,2
DA:138,2
DA:139,2
DA:140,2
DA:141,2
DA:145,0
DA:151,36
DA:157,53
DA:162,73
DA:163,53
DA:164,23
DA:165,23
DA:168,53
DA:169,53
DA:170,53
DA:172,53
DA:173,73
DA:174,50
DA:175,50
DA:177,50
DA:180,23
DA:182,23
DA:183,18
DA:185,18
DA:186,6
DA:189,12
DA:193,5
DA:194,5
DA:200,37
DA:201,37
DA:203,37
DA:205,37
DA:207,55
DA:208,4
DA:211,51
DA:214,51
DA:215,48
DA:216,48
DA:222,23
DA:223,1
DA:226,22
DA:227,22
DA:228,22
DA:229,22
DA:231,22
DA:236,22
DA:237,0
DA:239,0
DA:242,22
DA:245,18
DA:246,0
DA:252,72
DA:254,72
DA:255,72
DA:256,7
DA:262,7
DA:263,7
DA:265,7
DA:266,3
DA:269,4
DA:270,3
DA:273,1
DA:282,1
DA:283,4
DA:284,1
DA:292,1
LF:118
LH:114
BRDA:66,0,0,3
BRDA:66,0,1,33
BRDA:94,1,0,1
BRDA:94,1,1,36
BRDA:113,2,0,36
BRDA:113,2,1,1
BRDA:116,3,0,8
BRDA:116,3,1,28
BRDA:118,4,0,1
BRDA:126,5,0,33
BRDA:135,6,0,2
BRDA:137,7,0,2
BRDA:137,7,1,0
BRDA:139,8,0,2
BRDA:168,9,0,53
BRDA:168,9,1,0
BRDA:173,10,0,50
BRDA:182,11,0,18
BRDA:182,12,0,23
BRDA:182,12,1,18
BRDA:185,13,0,6
BRDA:193,14,0,5
BRDA:193,15,0,5
BRDA:193,15,1,5
BRDA:207,16,0,4
BRDA:207,17,0,55
BRDA:207,17,1,51
BRDA:214,18,0,48
BRDA:222,19,0,1
BRDA:236,20,0,0
BRDA:265,21,0,3
BRDA:269,22,0,3
BRDA:269,23,0,4
BRDA:269,23,1,3
BRDA:269,23,2,2
BRF:35
BRH:32
end_of_record
TN:
SF:js\src\tab.js
FN:56,(anonymous_0)
FN:69,(anonymous_1)
FN:73,(anonymous_2)
FN:78,(anonymous_3)
FN:102,(anonymous_4)
FN:111,(anonymous_5)
FN:128,(anonymous_6)
FN:138,(anonymous_7)
FN:153,(anonymous_8)
FN:161,(anonymous_9)
FN:169,(anonymous_10)
FN:173,(anonymous_11)
FN:174,(anonymous_12)
FN:177,(anonymous_13)
FN:185,(anonymous_14)
FN:205,(anonymous_15)
FN:219,(anonymous_16)
FN:225,(anonymous_17)
FN:237,(anonymous_18)
FN:243,(anonymous_19)
FN:248,(anonymous_20)
FN:253,(anonymous_21)
FN:258,(anonymous_22)
FN:259,(anonymous_23)
FN:279,(anonymous_24)
FN:294,(anonymous_25)
FNF:26
FNH:26
FNDA:54,(anonymous_0)
FNDA:8,(anonymous_1)
FNDA:93,(anonymous_2)
FNDA:34,(anonymous_3)
FNDA:80,(anonymous_4)
FNDA:48,(anonymous_5)
FNDA:48,(anonymous_6)
FNDA:17,(anonymous_7)
FNDA:7,(anonymous_8)
FNDA:21,(anonymous_9)
FNDA:93,(anonymous_10)
FNDA:33,(anonymous_11)
FNDA:65,(anonymous_12)
FNDA:54,(anonymous_13)
FNDA:121,(anonymous_14)
FNDA:121,(anonymous_15)
FNDA:43,(anonymous_16)
FNDA:6,(anonymous_17)
FNDA:274,(anonymous_18)
FNDA:220,(anonymous_19)
FNDA:121,(anonymous_20)
FNDA:164,(anonymous_21)
FNDA:4,(anonymous_22)
FNDA:4,(anonymous_23)
FNDA:12,(anonymous_24)
FNDA:4,(anonymous_25)
DA:17,1
DA:18,1
DA:19,1
DA:21,1
DA:22,1
DA:23,1
DA:24,1
DA:25,1
DA:26,1
DA:27,1
DA:29,1
DA:30,1
DA:31,1
DA:32,1
DA:34,1
DA:35,1
DA:36,1
DA:37,1
DA:39,1
DA:40,1
DA:41,1
DA:43,1
DA:44,1
DA:45,1
DA:46,1
DA:47,1
DA:49,1
DA:57,54
DA:58,54
DA:60,54
DA:61,1
DA:67,53
DA:69,53
DA:74,93
DA:79,34
DA:80,34
DA:81,1
DA:85,33
DA:87,33
DA:91,33
DA:93,33
DA:94,2
DA:97,31
DA:98,31
DA:103,80
DA:104,32
DA:107,48
DA:109,48
DA:111,48
DA:112,48
DA:113,17
DA:114,17
DA:117,31
DA:118,31
DA:119,31
DA:120,31
DA:125,48
DA:129,48
DA:130,31
DA:133,17
DA:134,17
DA:136,17
DA:138,17
DA:139,17
DA:140,5
DA:141,5
DA:144,12
DA:145,12
DA:146,12
DA:147,12
DA:150,17
DA:154,7
DA:155,0
DA:158,7
DA:159,7
DA:160,7
DA:161,21
DA:163,7
DA:164,7
DA:165,7
DA:170,93
DA:174,65
DA:178,54
DA:180,54
DA:181,121
DA:186,121
DA:187,121
DA:188,121
DA:189,121
DA:191,121
DA:192,32
DA:195,121
DA:196,112
DA:199,121
DA:202,121
DA:206,121
DA:208,121
DA:209,76
DA:212,45
DA:214,45
DA:215,22
DA:220,43
DA:221,43
DA:222,40
DA:225,3
DA:226,6
DA:227,6
DA:228,6
DA:232,3
DA:233,3
DA:234,3
DA:238,274
DA:239,93
DA:244,220
DA:249,121
DA:254,164
DA:259,4
DA:260,4
DA:262,4
DA:263,2
DA:266,2
DA:267,1
DA:270,1
DA:279,1
DA:280,12
DA:281,5
DA:284,12
DA:285,0
DA:288,12
DA:294,1
DA:295,4
DA:296,0
DA:303,1
LF:133
LH:130
BRDA:60,0,0,1
BRDA:80,1,0,1
BRDA:88,2,0,13
BRDA:88,2,1,20
BRDA:93,3,0,2
BRDA:93,4,0,33
BRDA:93,4,1,32
BRDA:93,4,2,13
BRDA:103,5,0,32
BRDA:112,6,0,17
BRDA:129,7,0,31
BRDA:139,8,0,5
BRDA:154,9,0,0
BRDA:163,10,0,7
BRDA:174,11,0,33
BRDA:174,11,1,20
BRDA:191,12,0,32
BRDA:195,13,0,112
BRDA:208,14,0,76
BRDA:214,15,0,22
BRDA:221,16,0,40
BRDA:227,17,0,6
BRDA:238,18,0,93
BRDA:249,19,0,121
BRDA:249,19,1,0
BRDA:254,20,0,164
BRDA:254,20,1,115
BRDA:262,21,0,2
BRDA:266,22,0,1
BRDA:266,23,0,2
BRDA:266,23,1,1
BRDA:266,23,2,1
BRDA:280,24,0,5
BRDA:284,25,0,0
BRF:34
BRH:31
end_of_record
TN:
SF:js\src\toast.js
FN:52,(anonymous_0)
FN:62,(anonymous_1)
FN:66,(anonymous_2)
FN:70,(anonymous_3)
FN:75,(anonymous_4)
FN:88,(anonymous_5)
FN:102,(anonymous_6)
FN:113,(anonymous_7)
FN:123,(anonymous_8)
FN:133,(anonymous_9)
FN:139,(anonymous_10)
FN:148,(anonymous_11)
FN:153,(anonymous_12)
FN:185,(anonymous_13)
FN:186,(anonymous_14)
FN:187,(anonymous_15)
FN:188,(anonymous_16)
FN:189,(anonymous_17)
FN:192,(anonymous_18)
FN:198,(anonymous_19)
FN:199,(anonymous_20)
FNF:21
FNH:21
FNDA:28,(anonymous_0)
FNDA:29,(anonymous_1)
FNDA:29,(anonymous_2)
FNDA:60,(anonymous_3)
FNDA:15,(anonymous_4)
FNDA:14,(anonymous_5)
FNDA:11,(anonymous_6)
FNDA:8,(anonymous_7)
FNDA:2,(anonymous_8)
FNDA:13,(anonymous_9)
FNDA:20,(anonymous_10)
FNDA:7,(anonymous_11)
FNDA:14,(anonymous_12)
FNDA:28,(anonymous_13)
FNDA:4,(anonymous_14)
FNDA:2,(anonymous_15)
FNDA:4,(anonymous_16)
FNDA:4,(anonymous_17)
FNDA:24,(anonymous_18)
FNDA:4,(anonymous_19)
FNDA:4,(anonymous_20)
DA:17,1
DA:18,1
DA:19,1
DA:21,1
DA:22,1
DA:23,1
DA:24,1
DA:25,1
DA:26,1
DA:27,1
DA:28,1
DA:30,1
DA:31,1
DA:32,1
DA:33,1
DA:35,1
DA:41,1
DA:53,28
DA:55,28
DA:56,28
DA:57,28
DA:58,28
DA:63,29
DA:67,29
DA:71,60
DA:76,15
DA:78,15
DA:79,1
DA:82,14
DA:84,14
DA:85,11
DA:88,14
DA:89,14
DA:90,14
DA:92,14
DA:95,14
DA:96,14
DA:97,14
DA:99,14
DA:103,11
DA:104,1
DA:107,10
DA:109,10
DA:110,2
DA:113,8
DA:114,8
DA:115,8
DA:116,8
DA:119,8
DA:120,8
DA:124,2
DA:126,2
DA:127,1
DA:130,2
DA:134,13
DA:140,20
DA:141,4
DA:144,16
DA:145,3
DA:148,13
DA:149,7
DA:154,14
DA:157,6
DA:158,6
DA:163,8
DA:164,8
DA:168,0
DA:172,14
DA:173,8
DA:174,8
DA:177,6
DA:178,6
DA:179,0
DA:182,6
DA:186,28
DA:187,28
DA:188,28
DA:189,28
DA:193,24
DA:194,24
DA:199,4
DA:200,4
DA:202,4
DA:203,2
DA:204,1
DA:207,1
DA:217,1
DA:223,1
LF:88
LH:86
BRDA:78,0,0,1
BRDA:84,1,0,11
BRDA:103,2,0,1
BRDA:109,3,0,2
BRDA:126,4,0,1
BRDA:140,5,0,4
BRDA:144,6,0,3
BRDA:144,7,0,16
BRDA:144,7,1,15
BRDA:155,8,0,4
BRDA:155,8,1,6
BRDA:155,8,2,4
BRDA:155,8,3,8
BRDA:155,8,4,0
BRDA:172,9,0,8
BRDA:178,10,0,0
BRDA:178,11,0,6
BRDA:178,11,1,6
BRDA:202,12,0,2
BRDA:203,13,0,1
BRF:20
BRH:18
end_of_record
TN:
SF:js\src\tooltip.js
FN:104,(anonymous_0)
FN:131,(anonymous_1)
FN:135,(anonymous_2)
FN:139,(anonymous_3)
FN:144,(anonymous_4)
FN:148,(anonymous_5)
FN:152,(anonymous_6)
FN:156,(anonymous_7)
FN:170,(anonymous_8)
FN:183,(anonymous_9)
FN:228,(anonymous_10)
FN:241,(anonymous_11)
FN:267,(anonymous_12)
FN:283,(anonymous_13)
FN:290,(anonymous_14)
FN:294,(anonymous_15)
FN:302,(anonymous_16)
FN:325,(anonymous_17)
FN:333,(anonymous_18)
FN:349,(anonymous_19)
FN:355,(anonymous_20)
FN:360,(anonymous_21)
FN:364,(anonymous_22)
FN:368,(anonymous_23)
FN:372,(anonymous_24)
FN:378,(anonymous_25)
FN:382,(anonymous_26)
FN:386,(anonymous_27)
FN:392,(anonymous_28)
FN:396,(anonymous_29)
FN:428,(anonymous_30)
FN:443,(anonymous_31)
FN:448,(anonymous_32)
FN:460,(anonymous_33)
FN:465,(anonymous_34)
FN:475,(anonymous_35)
FN:484,(anonymous_36)
FN:499,(anonymous_37)
FN:507,(anonymous_38)
FN:514,(anonymous_39)
FN:521,(anonymous_40)
FN:528,(anonymous_41)
FN:533,(anonymous_42)
FN:537,(anonymous_43)
FN:556,(anonymous_44)
FN:577,(anonymous_45)
FN:595,(anonymous_46)
FN:608,(anonymous_47)
FN:609,(anonymous_48)
FNF:49
FNH:48
FNDA:103,(anonymous_0)
FNDA:357,(anonymous_1)
FNDA:85,(anonymous_2)
FNDA:746,(anonymous_3)
FNDA:1,(anonymous_4)
FNDA:2,(anonymous_5)
FNDA:1,(anonymous_6)
FNDA:8,(anonymous_7)
FNDA:6,(anonymous_8)
FNDA:56,(anonymous_9)
FNDA:50,(anonymous_10)
FNDA:16,(anonymous_11)
FNDA:13,(anonymous_12)
FNDA:2,(anonymous_13)
FNDA:46,(anonymous_14)
FNDA:200,(anonymous_15)
FNDA:61,(anonymous_16)
FNDA:12,(anonymous_17)
FNDA:61,(anonymous_18)
FNDA:43,(anonymous_19)
FNDA:114,(anonymous_20)
FNDA:16,(anonymous_21)
FNDA:124,(anonymous_22)
FNDA:49,(anonymous_23)
FNDA:50,(anonymous_24)
FNDA:54,(anonymous_25)
FNDA:2,(anonymous_26)
FNDA:60,(anonymous_27)
FNDA:183,(anonymous_28)
FNDA:52,(anonymous_29)
FNDA:109,(anonymous_30)
FNDA:103,(anonymous_31)
FNDA:4,(anonymous_32)
FNDA:9,(anonymous_33)
FNDA:3,(anonymous_34)
FNDA:0,(anonymous_35)
FNDA:102,(anonymous_36)
FNDA:14,(anonymous_37)
FNDA:12,(anonymous_38)
FNDA:11,(anonymous_39)
FNDA:7,(anonymous_40)
FNDA:21,(anonymous_41)
FNDA:24,(anonymous_42)
FNDA:103,(anonymous_43)
FNDA:103,(anonymous_44)
FNDA:16,(anonymous_45)
FNDA:69,(anonymous_46)
FNDA:4,(anonymous_47)
FNDA:4,(anonymous_48)
DA:20,2
DA:21,2
DA:23,2
DA:24,2
DA:25,2
DA:27,2
DA:28,2
DA:30,2
DA:32,2
DA:33,2
DA:34,2
DA:35,2
DA:37,2
DA:38,2
DA:39,2
DA:40,2
DA:41,2
DA:42,2
DA:43,2
DA:44,2
DA:45,2
DA:46,2
DA:48,2
DA:56,2
DA:79,2
DA:105,103
DA:106,0
DA:109,103
DA:112,103
DA:113,103
DA:114,103
DA:115,103
DA:116,103
DA:117,103
DA:118,103
DA:121,103
DA:123,103
DA:125,103
DA:126,102
DA:132,357
DA:136,85
DA:140,746
DA:145,1
DA:149,2
DA:153,1
DA:157,8
DA:158,1
DA:161,7
DA:162,7
DA:163,2
DA:164,2
DA:167,5
DA:171,6
DA:173,6
DA:175,6
DA:176,5
DA:179,6
DA:180,6
DA:184,56
DA:185,1
DA:188,55
DA:189,2
DA:192,53
DA:193,53
DA:194,53
DA:196,53
DA:197,3
DA:201,50
DA:203,50
DA:205,50
DA:207,50
DA:209,50
DA:210,50
DA:211,50
DA:214,50
DA:216,50
DA:222,50
DA:223,44
DA:224,1581
DA:228,50
DA:229,50
DA:231,50
DA:232,6
DA:235,50
DA:238,50
DA:242,16
DA:243,2
DA:246,14
DA:247,14
DA:248,1
DA:251,13
DA:252,13
DA:256,13
DA:257,10
DA:258,358
DA:262,13
DA:263,13
DA:264,13
DA:265,13
DA:267,13
DA:268,13
DA:269,1
DA:272,12
DA:273,12
DA:276,12
DA:277,12
DA:280,13
DA:284,2
DA:285,1
DA:291,46
DA:295,200
DA:296,61
DA:299,200
DA:303,61
DA:306,61
DA:307,0
DA:310,61
DA:312,61
DA:314,61
DA:316,61
DA:318,61
DA:319,57
DA:322,61
DA:326,12
DA:327,12
DA:328,1
DA:329,1
DA:334,61
DA:335,6
DA:337,55
DA:346,61
DA:350,43
DA:356,114
DA:361,16
DA:365,124
DA:369,49
DA:373,50
DA:374,50
DA:375,50
DA:379,54
DA:381,54
DA:382,2
DA:385,53
DA:386,60
DA:389,51
DA:393,183
DA:397,52
DA:431,109
DA:437,52
DA:444,103
DA:446,103
DA:447,182
DA:448,23
DA:449,4
DA:450,4
DA:452,159
DA:453,158
DA:456,158
DA:460,158
DA:461,9
DA:462,9
DA:463,9
DA:465,158
DA:466,3
DA:467,3
DA:470,3
DA:475,103
DA:476,0
DA:477,0
DA:481,103
DA:485,102
DA:487,102
DA:488,27
DA:491,75
DA:492,58
DA:495,75
DA:496,75
DA:500,14
DA:501,2
DA:502,2
DA:505,12
DA:507,12
DA:508,12
DA:509,12
DA:515,11
DA:516,2
DA:519,9
DA:521,9
DA:522,7
DA:523,6
DA:529,21
DA:530,21
DA:534,24
DA:538,103
DA:540,103
DA:541,22
DA:542,1
DA:546,103
DA:550,103
DA:551,103
DA:552,103
DA:553,103
DA:557,103
DA:559,103
DA:560,101
DA:566,103
DA:567,1
DA:570,103
DA:571,1
DA:574,103
DA:578,16
DA:580,16
DA:581,272
DA:582,37
DA:586,16
DA:587,16
DA:592,16
DA:596,69
DA:597,17
DA:598,17
DA:601,69
DA:602,18
DA:603,18
DA:609,4
DA:610,4
DA:612,4
DA:613,2
DA:616,2
DA:617,1
DA:620,1
DA:629,2
LF:231
LH:227
BRDA:51,0,0,0
BRDA:51,0,1,2
BRDA:53,1,0,0
BRDA:53,1,1,2
BRDA:105,2,0,0
BRDA:125,3,0,102
BRDA:157,4,0,1
BRDA:162,5,0,2
BRDA:175,6,0,5
BRDA:184,7,0,1
BRDA:188,8,0,2
BRDA:188,9,0,55
BRDA:188,9,1,54
BRDA:194,10,0,53
BRDA:194,10,1,53
BRDA:196,11,0,3
BRDA:196,12,0,53
BRDA:196,12,1,52
BRDA:209,13,0,50
BRDA:222,14,0,44
BRDA:231,15,0,6
BRDA:242,16,0,2
BRDA:247,17,0,1
BRDA:256,18,0,10
BRDA:268,19,0,1
BRDA:272,20,0,12
BRDA:284,21,0,1
BRDA:295,22,0,61
BRDA:296,23,0,61
BRDA:296,23,1,52
BRDA:306,24,0,0
BRDA:318,25,0,57
BRDA:327,26,0,1
BRDA:334,27,0,6
BRDA:334,27,1,55
BRDA:356,28,0,114
BRDA:356,28,1,102
BRDA:365,29,0,124
BRDA:365,29,1,8
BRDA:365,29,2,4
BRDA:369,30,0,49
BRDA:369,30,1,22
BRDA:381,31,0,1
BRDA:385,32,0,2
BRDA:447,33,0,23
BRDA:447,33,1,159
BRDA:452,34,0,158
BRDA:454,35,0,79
BRDA:454,35,1,79
BRDA:457,36,0,79
BRDA:457,36,1,79
BRDA:462,37,0,0
BRDA:462,37,1,9
BRDA:467,38,0,0
BRDA:467,38,1,3
BRDA:476,39,0,0
BRDA:487,40,0,27
BRDA:491,41,0,58
BRDA:491,42,0,75
BRDA:491,42,1,73
BRDA:500,43,0,2
BRDA:500,44,0,14
BRDA:500,44,1,13
BRDA:508,45,0,12
BRDA:515,46,0,2
BRDA:522,47,0,6
BRDA:541,48,0,1
BRDA:548,49,0,40
BRDA:548,49,1,63
BRDA:548,50,0,103
BRDA:548,50,1,42
BRDA:557,51,0,99
BRDA:557,51,1,4
BRDA:559,52,0,101
BRDA:566,53,0,1
BRDA:570,54,0,1
BRDA:581,55,0,37
BRDA:596,56,0,17
BRDA:601,57,0,18
BRDA:612,58,0,2
BRDA:616,59,0,1
BRF:81
BRH:74
end_of_record
TN:
SF:js\src\dom\data.js
FN:15,(anonymous_0)
FN:33,(anonymous_1)
FN:41,(anonymous_2)
FNF:3
FNH:3
FNDA:574,(anonymous_0)
FNDA:487,(anonymous_1)
FNDA:36,(anonymous_2)
DA:12,15
DA:16,574
DA:17,562
DA:20,574
DA:24,574
DA:26,1
DA:27,1
DA:30,573
DA:34,487
DA:35,286
DA:38,201
DA:42,36
DA:43,3
DA:46,33
DA:48,33
DA:51,33
DA:52,32
LF:17
LH:17
BRDA:16,0,0,562
BRDA:24,1,0,1
BRDA:24,2,0,574
BRDA:24,2,1,563
BRDA:34,3,0,286
BRDA:35,4,0,286
BRDA:35,4,1,4
BRDA:42,5,0,3
BRDA:51,6,0,32
BRF:9
BRH:9
end_of_record
TN:
SF:js\src\dom\event-handler.js
FN:77,makeEventUid
FN:81,getElementEvents
FN:90,bootstrapHandler
FN:91,handler
FN:102,bootstrapDelegationHandler
FN:103,handler
FN:124,findHandler
FN:126,(anonymous_7)
FN:129,normalizeParameters
FN:142,addHandler
FN:152,(anonymous_10)
FN:153,(anonymous_11)
FN:187,removeHandler
FN:198,removeNamespacedHandlers
FN:208,getTypeEvent
FN:215,(anonymous_15)
FN:219,(anonymous_16)
FN:223,(anonymous_17)
FN:259,(anonymous_18)
FN:301,hydrateObj
FN:308,(anonymous_20)
FNF:21
FNH:21
FNDA:8835,makeEventUid
FNDA:6260,getElementEvents
FNDA:2546,bootstrapHandler
FNDA:652,handler
FNDA:29,bootstrapDelegationHandler
FNDA:2162,handler
FNDA:6251,findHandler
FNDA:5304,(anonymous_7)
FNDA:6260,normalizeParameters
FNDA:5028,addHandler
FNDA:5,(anonymous_10)
FNDA:25,(anonymous_11)
FNDA:1330,removeHandler
FNDA:301,removeNamespacedHandlers
FNDA:8403,getTypeEvent
FNDA:5000,(anonymous_15)
FNDA:28,(anonymous_16)
FNDA:1347,(anonymous_17)
FNDA:2143,(anonymous_18)
FNDA:2951,hydrateObj
FNDA:1,(anonymous_20)
DA:14,18
DA:15,18
DA:16,18
DA:17,18
DA:18,18
DA:19,18
DA:24,18
DA:78,8835
DA:82,6260
DA:84,6260
DA:85,6260
DA:87,6260
DA:91,2546
DA:92,652
DA:94,652
DA:95,20
DA:98,652
DA:103,29
DA:104,2162
DA:106,2162
DA:107,10140
DA:108,474
DA:109,318
DA:112,156
DA:114,156
DA:115,1
DA:118,156
DA:125,6251
DA:126,5304
DA:130,6260
DA:132,6260
DA:133,6260
DA:135,6260
DA:136,178
DA:139,6260
DA:143,5028
DA:144,107
DA:147,4921
DA:151,4921
DA:152,5
DA:153,5
DA:154,25
DA:155,9
DA:160,5
DA:163,4921
DA:164,4921
DA:165,4921
DA:167,4921
DA:168,2346
DA:170,2346
DA:173,2575
DA:174,2575
DA:178,2575
DA:179,2575
DA:180,2575
DA:181,2575
DA:182,2575
DA:184,2575
DA:188,1330
DA:190,1330
DA:191,0
DA:194,1330
DA:195,1330
DA:199,301
DA:201,301
DA:202,338
DA:203,177
DA:210,8403
DA:211,8403
DA:214,18
DA:216,5000
DA:220,28
DA:224,1347
DA:225,8
DA:228,1339
DA:229,1339
DA:230,1339
DA:231,1339
DA:232,1339
DA:234,1339
DA:236,1186
DA:237,70
DA:240,1116
DA:241,1116
DA:244,153
DA:245,115
DA:246,301
DA:250,153
DA:251,38
DA:253,38
DA:254,37
DA:260,2143
DA:261,0
DA:264,2143
DA:265,2143
DA:266,2143
DA:268,2143
DA:269,2143
DA:270,2143
DA:271,2143
DA:273,2143
DA:274,0
DA:276,0
DA:277,0
DA:278,0
DA:279,0
DA:282,2143
DA:283,2143
DA:285,2143
DA:286,0
DA:289,2143
DA:290,2143
DA:293,2143
DA:294,0
DA:297,2143
DA:302,2951
DA:303,1434
DA:304,1434
DA:306,1
DA:309,1
DA:315,2951
LF:121
LH:112
BRDA:78,0,0,8835
BRDA:78,0,1,1328
BRDA:78,0,2,7507
BRDA:78,0,3,1790
BRDA:85,1,0,6260
BRDA:85,1,1,626
BRDA:94,2,0,20
BRDA:106,3,0,12146
BRDA:106,3,1,12116
BRDA:108,4,0,318
BRDA:114,5,0,1
BRDA:124,6,0,0
BRDA:126,7,0,5304
BRDA:126,7,1,3680
BRDA:132,8,0,32
BRDA:132,8,1,6228
BRDA:132,9,0,6228
BRDA:132,9,1,490
BRDA:135,10,0,178
BRDA:143,11,0,107
BRDA:143,12,0,5028
BRDA:143,12,1,5027
BRDA:151,13,0,5
BRDA:154,14,0,9
BRDA:154,15,0,25
BRDA:154,15,1,25
BRDA:154,15,2,21
BRDA:164,16,0,4921
BRDA:164,16,1,1269
BRDA:165,17,0,29
BRDA:165,17,1,4892
BRDA:167,18,0,2346
BRDA:168,19,0,2346
BRDA:168,19,1,0
BRDA:175,20,0,29
BRDA:175,20,1,2546
BRDA:178,21,0,29
BRDA:178,21,1,2546
BRDA:190,22,0,0
BRDA:199,23,0,301
BRDA:199,23,1,0
BRDA:202,24,0,177
BRDA:211,25,0,8403
BRDA:211,25,1,8118
BRDA:224,26,0,8
BRDA:224,27,0,1347
BRDA:224,27,1,1346
BRDA:231,28,0,1339
BRDA:231,28,1,119
BRDA:234,29,0,1186
BRDA:236,30,0,70
BRDA:240,31,0,2
BRDA:240,31,1,1114
BRDA:244,32,0,115
BRDA:253,33,0,37
BRDA:253,34,0,38
BRDA:253,34,1,31
BRDA:260,35,0,0
BRDA:260,36,0,2143
BRDA:260,36,1,2143
BRDA:273,37,0,0
BRDA:273,38,0,2143
BRDA:273,38,1,2121
BRDA:285,39,0,0
BRDA:289,40,0,2143
BRDA:293,41,0,0
BRDA:293,42,0,2143
BRDA:293,42,1,20
BRDA:301,43,0,1687
BRF:69
BRH:61
end_of_record
TN:
SF:js\src\dom\manipulator.js
FN:8,normalizeData
FN:36,normalizeDataKey
FN:37,(anonymous_2)
FN:41,(anonymous_3)
FN:45,(anonymous_4)
FN:49,(anonymous_5)
FN:55,(anonymous_6)
FN:66,(anonymous_7)
FNF:8
FNH:8
FNDA:818,normalizeData
FNDA:628,normalizeDataKey
FNDA:3,(anonymous_2)
FNDA:17,(anonymous_3)
FNDA:39,(anonymous_4)
FNDA:574,(anonymous_5)
FNDA:253,(anonymous_6)
FNDA:572,(anonymous_7)
DA:9,818
DA:10,6
DA:13,812
DA:14,21
DA:17,791
DA:18,12
DA:21,779
DA:22,2
DA:25,777
DA:26,540
DA:29,237
DA:30,237
DA:32,232
DA:37,628
DA:40,21
DA:42,17
DA:46,39
DA:50,574
DA:51,1
DA:54,573
DA:55,573
DA:57,573
DA:58,246
DA:59,246
DA:60,246
DA:63,573
DA:67,572
LF:27
LH:27
BRDA:9,0,0,6
BRDA:13,1,0,21
BRDA:17,2,0,12
BRDA:21,3,0,2
BRDA:21,4,0,779
BRDA:21,4,1,777
BRDA:25,5,0,540
BRDA:50,6,0,1
BRDA:55,7,0,253
BRDA:55,7,1,249
BRF:10
BRH:10
end_of_record
TN:
SF:js\src\dom\selector-engine.js
FN:10,(anonymous_0)
FN:36,(anonymous_1)
FN:40,(anonymous_2)
FN:44,(anonymous_3)
FN:45,(anonymous_4)
FN:48,(anonymous_5)
FN:60,(anonymous_6)
FN:74,(anonymous_7)
FN:88,(anonymous_8)
FN:98,(anonymous_9)
FN:100,(anonymous_10)
FN:103,(anonymous_11)
FN:113,(anonymous_12)
FN:119,(anonymous_13)
FNF:14
FNH:14
FNDA:687,(anonymous_0)
FNDA:1600,(anonymous_1)
FNDA:913,(anonymous_2)
FNDA:1,(anonymous_3)
FNDA:3,(anonymous_4)
FNDA:23,(anonymous_5)
FNDA:34,(anonymous_6)
FNDA:91,(anonymous_7)
FNDA:11,(anonymous_8)
FNDA:88,(anonymous_9)
FNDA:19,(anonymous_10)
FNDA:65,(anonymous_11)
FNDA:595,(anonymous_12)
FNDA:27,(anonymous_13)
DA:10,16
DA:11,687
DA:13,687
DA:14,232
DA:20,232
DA:21,103
DA:25,129
DA:26,1
DA:29,129
DA:32,584
DA:35,16
DA:37,1600
DA:41,913
DA:45,3
DA:49,23
DA:50,23
DA:52,23
DA:53,19
DA:54,19
DA:57,23
DA:61,34
DA:63,34
DA:64,8
DA:65,7
DA:68,1
DA:71,27
DA:75,91
DA:77,91
DA:78,82
DA:79,81
DA:82,1
DA:85,10
DA:89,11
DA:98,88
DA:100,19
DA:104,65
DA:106,65
DA:107,56
DA:110,9
DA:114,595
DA:116,595
DA:120,27
DA:122,27
LF:43
LH:43
BRDA:13,0,0,232
BRDA:13,1,0,687
BRDA:13,1,1,458
BRDA:20,2,0,103
BRDA:20,3,0,232
BRDA:20,3,1,130
BRDA:20,3,2,21
BRDA:25,4,0,1
BRDA:25,5,0,129
BRDA:25,5,1,109
BRDA:29,6,0,114
BRDA:29,6,1,15
BRDA:29,7,0,129
BRDA:29,7,1,129
BRDA:36,8,0,301
BRDA:40,9,0,556
BRDA:64,10,0,7
BRDA:78,11,0,81
BRDA:100,12,0,19
BRDA:100,12,1,18
BRDA:106,13,0,56
BRDA:107,14,0,55
BRDA:107,14,1,1
BRDA:116,15,0,487
BRDA:116,15,1,108
BRDA:122,16,0,26
BRDA:122,16,1,1
BRF:27
BRH:27
end_of_record
TN:
SF:js\src\util\backdrop.js
FN:42,(anonymous_0)
FN:50,(anonymous_1)
FN:54,(anonymous_2)
FN:58,(anonymous_3)
FN:63,(anonymous_4)
FN:78,(anonymous_5)
FN:83,(anonymous_6)
FN:91,(anonymous_7)
FN:97,(anonymous_8)
FN:109,(anonymous_9)
FN:123,(anonymous_10)
FN:129,(anonymous_11)
FN:137,(anonymous_12)
FN:144,(anonymous_13)
FNF:14
FNH:13
FNDA:118,(anonymous_0)
FNDA:118,(anonymous_1)
FNDA:118,(anonymous_2)
FNDA:0,(anonymous_3)
FNDA:76,(anonymous_4)
FNDA:70,(anonymous_5)
FNDA:30,(anonymous_6)
FNDA:28,(anonymous_7)
FNDA:31,(anonymous_8)
FNDA:269,(anonymous_9)
FNDA:118,(anonymous_10)
FNDA:70,(anonymous_11)
FNDA:3,(anonymous_12)
FNDA:98,(anonymous_13)
DA:16,3
DA:17,3
DA:18,3
DA:19,3
DA:21,3
DA:29,3
DA:43,118
DA:44,118
DA:45,118
DA:46,118
DA:51,118
DA:55,118
DA:59,0
DA:64,76
DA:65,6
DA:66,6
DA:69,70
DA:71,70
DA:72,70
DA:73,35
DA:76,70
DA:78,70
DA:79,70
DA:84,30
DA:85,2
DA:86,2
DA:89,28
DA:91,28
DA:92,28
DA:93,28
DA:98,31
DA:99,2
DA:102,29
DA:104,29
DA:105,29
DA:110,269
DA:111,68
DA:112,68
DA:113,68
DA:114,35
DA:117,68
DA:120,269
DA:125,118
DA:126,118
DA:130,70
DA:131,1
DA:134,69
DA:135,69
DA:137,69
DA:138,3
DA:141,69
DA:145,98
LF:52
LH:51
BRDA:64,0,0,6
BRDA:72,1,0,35
BRDA:84,2,0,2
BRDA:98,3,0,2
BRDA:110,4,0,68
BRDA:113,5,0,35
BRDA:130,6,0,1
BRF:7
BRH:7
end_of_record
TN:
SF:js\src\util\component-functions.js
FN:12,(anonymous_0)
FN:16,(anonymous_1)
FNF:2
FNH:2
FNDA:8,(anonymous_0)
FNDA:18,(anonymous_1)
DA:12,5
DA:13,8
DA:14,8
DA:16,8
DA:17,18
DA:18,6
DA:21,18
DA:22,3
DA:25,15
DA:26,15
DA:29,15
LF:11
LH:11
BRDA:12,0,0,6
BRDA:17,1,0,6
BRDA:21,2,0,3
BRDA:25,3,0,15
BRDA:25,3,1,11
BRF:5
BRH:5
end_of_record
TN:
SF:js\src\util\config.js
FN:17,(anonymous_0)
FN:21,(anonymous_1)
FN:25,(anonymous_2)
FN:29,(anonymous_3)
FN:36,(anonymous_4)
FN:40,(anonymous_5)
FN:51,(anonymous_6)
FNF:7
FNH:7
FNDA:94,(anonymous_0)
FNDA:94,(anonymous_1)
FNDA:1,(anonymous_2)
FNDA:372,(anonymous_3)
FNDA:568,(anonymous_4)
FNDA:943,(anonymous_5)
FNDA:1043,(anonymous_6)
DA:18,94
DA:22,94
DA:26,1
DA:30,372
DA:31,372
DA:32,372
DA:33,372
DA:37,568
DA:41,943
DA:43,943
DA:52,1043
DA:53,5104
DA:54,5104
DA:56,5104
DA:57,1
LF:15
LH:15
BRDA:41,0,0,468
BRDA:41,0,1,475
BRDA:45,1,0,942
BRDA:45,1,1,1
BRDA:46,2,0,468
BRDA:46,2,1,475
BRDA:47,3,0,692
BRDA:47,3,1,251
BRDA:51,4,0,942
BRDA:54,5,0,396
BRDA:54,5,1,4708
BRDA:56,6,0,1
BRF:12
BRH:12
end_of_record
TN:
SF:js\src\util\focustrap.js
FN:41,(anonymous_0)
FN:49,(anonymous_1)
FN:53,(anonymous_2)
FN:57,(anonymous_3)
FN:62,(anonymous_4)
FN:72,(anonymous_5)
FN:73,(anonymous_6)
FN:78,(anonymous_7)
FN:88,(anonymous_8)
FN:106,(anonymous_9)
FNF:10
FNH:9
FNDA:112,(anonymous_0)
FNDA:112,(anonymous_1)
FNDA:112,(anonymous_2)
FNDA:0,(anonymous_3)
FNDA:66,(anonymous_4)
FNDA:10,(anonymous_5)
FNDA:2,(anonymous_6)
FNDA:28,(anonymous_7)
FNDA:10,(anonymous_8)
FNDA:2,(anonymous_9)
DA:16,3
DA:17,3
DA:18,3
DA:19,3
DA:20,3
DA:22,3
DA:23,3
DA:24,3
DA:26,3
DA:31,3
DA:42,112
DA:43,112
DA:44,112
DA:45,112
DA:50,112
DA:54,112
DA:58,0
DA:63,66
DA:64,0
DA:67,66
DA:68,65
DA:71,66
DA:72,66
DA:73,66
DA:75,66
DA:79,28
DA:80,5
DA:83,23
DA:84,23
DA:89,10
DA:91,10
DA:92,2
DA:95,8
DA:97,8
DA:98,5
DA:99,3
DA:100,1
DA:102,2
DA:107,2
DA:108,0
DA:111,2
LF:41
LH:38
BRDA:63,0,0,0
BRDA:67,1,0,65
BRDA:79,2,0,5
BRDA:91,3,0,2
BRDA:91,4,0,10
BRDA:91,4,1,10
BRDA:91,4,2,10
BRDA:97,5,0,5
BRDA:97,5,1,3
BRDA:99,6,0,1
BRDA:99,6,1,2
BRDA:107,7,0,0
BRDA:111,8,0,1
BRDA:111,8,1,1
BRF:14
BRH:12
end_of_record
TN:
SF:js\src\util\index.js
FN:17,(anonymous_0)
FN:20,(anonymous_1)
FN:27,(anonymous_2)
FN:39,(anonymous_3)
FN:47,(anonymous_4)
FN:70,(anonymous_5)
FN:74,(anonymous_6)
FN:86,(anonymous_7)
FN:99,(anonymous_8)
FN:126,(anonymous_9)
FN:142,(anonymous_10)
FN:165,(anonymous_11)
FN:175,(anonymous_12)
FN:179,(anonymous_13)
FN:189,(anonymous_14)
FN:193,(anonymous_15)
FN:206,(anonymous_16)
FN:208,(anonymous_17)
FN:209,(anonymous_18)
FN:225,(anonymous_19)
FN:229,(anonymous_20)
FN:240,(anonymous_21)
FN:251,(anonymous_22)
FN:267,(anonymous_23)
FNF:24
FNH:24
FNDA:729,(anonymous_0)
FNDA:586,(anonymous_1)
FNDA:4708,(anonymous_2)
FNDA:63,(anonymous_3)
FNDA:894,(anonymous_4)
FNDA:881,(anonymous_5)
FNDA:8872,(anonymous_6)
FNDA:1271,(anonymous_7)
FNDA:130,(anonymous_8)
FNDA:235,(anonymous_9)
FNDA:57,(anonymous_10)
FNDA:1,(anonymous_11)
FNDA:440,(anonymous_12)
FNDA:2173,(anonymous_13)
FNDA:17,(anonymous_14)
FNDA:25,(anonymous_15)
FNDA:81,(anonymous_16)
FNDA:14,(anonymous_17)
FNDA:27,(anonymous_18)
FNDA:1723,(anonymous_19)
FNDA:1051,(anonymous_20)
FNDA:890,(anonymous_21)
FNDA:889,(anonymous_22)
FNDA:60,(anonymous_23)
DA:8,23
DA:9,23
DA:10,23
DA:17,23
DA:18,729
DA:20,714
DA:23,729
DA:27,23
DA:28,4708
DA:29,524
DA:32,4184
DA:39,23
DA:40,63
DA:41,63
DA:44,63
DA:47,23
DA:48,894
DA:49,2
DA:53,892
DA:55,892
DA:56,892
DA:59,892
DA:60,871
DA:64,21
DA:65,21
DA:67,21
DA:70,23
DA:71,881
DA:74,23
DA:75,8872
DA:76,5485
DA:79,3387
DA:80,12
DA:83,3387
DA:86,23
DA:88,1271
DA:89,1087
DA:92,184
DA:93,145
DA:96,39
DA:99,23
DA:100,130
DA:101,44
DA:104,86
DA:106,86
DA:108,86
DA:109,81
DA:112,5
DA:113,3
DA:114,3
DA:115,0
DA:118,3
DA:119,1
DA:123,4
DA:126,23
DA:127,235
DA:128,5
DA:131,230
DA:132,8
DA:135,222
DA:136,120
DA:139,102
DA:142,23
DA:143,57
DA:144,0
DA:148,57
DA:149,57
DA:150,57
DA:153,0
DA:154,0
DA:158,0
DA:159,0
DA:162,0
DA:165,23
DA:175,23
DA:176,440
DA:179,23
DA:180,2173
DA:181,2
DA:184,2171
DA:187,23
DA:189,23
DA:190,17
DA:192,15
DA:193,13
DA:194,25
DA:195,28
DA:200,15
DA:202,2
DA:206,81
DA:208,23
DA:209,14
DA:210,27
DA:212,27
DA:225,23
DA:226,1723
DA:229,23
DA:230,1051
DA:231,161
DA:232,161
DA:235,890
DA:236,890
DA:238,890
DA:240,890
DA:241,890
DA:242,1
DA:245,889
DA:246,889
DA:247,889
DA:250,890
DA:251,890
DA:252,889
DA:253,876
DA:267,23
DA:268,60
DA:269,60
DA:273,60
DA:274,21
DA:277,39
DA:279,39
DA:280,34
DA:283,39
LF:122
LH:115
BRDA:18,0,0,714
BRDA:18,1,0,729
BRDA:18,1,1,714
BRDA:18,1,2,714
BRDA:28,2,0,524
BRDA:28,3,0,4708
BRDA:28,3,1,4185
BRDA:48,4,0,2
BRDA:59,5,0,871
BRDA:59,6,0,892
BRDA:59,6,1,871
BRDA:75,7,0,5485
BRDA:75,8,0,8872
BRDA:75,8,1,6555
BRDA:79,9,0,12
BRDA:88,10,0,1087
BRDA:89,11,0,6
BRDA:89,11,1,1081
BRDA:92,12,0,145
BRDA:92,13,0,184
BRDA:92,13,1,145
BRDA:100,14,0,44
BRDA:100,15,0,130
BRDA:100,15,1,126
BRDA:108,16,0,81
BRDA:112,17,0,3
BRDA:114,18,0,0
BRDA:114,19,0,3
BRDA:114,19,1,2
BRDA:118,20,0,1
BRDA:127,21,0,5
BRDA:127,22,0,235
BRDA:127,22,1,232
BRDA:131,23,0,8
BRDA:135,24,0,120
BRDA:139,25,0,102
BRDA:139,25,1,6
BRDA:143,26,0,0
BRDA:148,27,0,57
BRDA:150,28,0,2
BRDA:150,28,1,55
BRDA:153,29,0,0
BRDA:158,30,0,0
BRDA:180,31,0,2
BRDA:180,32,0,2173
BRDA:180,32,1,3
BRDA:190,33,0,15
BRDA:190,33,1,2
BRDA:192,34,0,13
BRDA:225,35,0,1186
BRDA:225,36,0,1722
BRDA:226,37,0,1161
BRDA:226,37,1,562
BRDA:229,38,0,5
BRDA:230,39,0,161
BRDA:241,40,0,1
BRDA:252,41,0,876
BRDA:273,42,0,21
BRDA:274,43,0,5
BRDA:274,43,1,16
BRDA:274,44,0,21
BRDA:274,44,1,7
BRDA:277,45,0,24
BRDA:277,45,1,15
BRDA:279,46,0,34
BRF:65
BRH:61
end_of_record
TN:
SF:js\src\util\sanitizer.js
FN:35,(anonymous_0)
FN:47,(anonymous_1)
FN:48,(anonymous_2)
FN:85,sanitizeHtml
FNF:4
FNH:4
FNDA:288,(anonymous_0)
FNDA:48,(anonymous_1)
FNDA:6,(anonymous_2)
FNDA:92,sanitizeHtml
DA:8,4
DA:19,4
DA:26,4
DA:33,4
DA:35,4
DA:36,288
DA:38,288
DA:39,283
DA:40,7
DA:43,276
DA:47,48
DA:48,6
DA:51,4
DA:86,92
DA:87,1
DA:90,91
DA:91,1
DA:94,90
DA:95,90
DA:96,90
DA:98,90
DA:99,251
DA:101,251
DA:102,2
DA:104,2
DA:107,249
DA:108,249
DA:110,249
DA:111,288
DA:112,6
DA:117,90
LF:31
LH:31
BRDA:38,0,0,283
BRDA:39,1,0,7
BRDA:40,2,0,7
BRDA:40,2,1,5
BRDA:86,3,0,1
BRDA:90,4,0,1
BRDA:90,5,0,91
BRDA:90,5,1,1
BRDA:101,6,0,2
BRDA:108,7,0,249
BRDA:108,7,1,0
BRDA:108,8,0,249
BRDA:108,8,1,0
BRDA:111,9,0,6
BRF:14
BRH:12
end_of_record
TN:
SF:js\src\util\scrollbar.js
FN:26,(anonymous_0)
FN:31,(anonymous_1)
FN:37,(anonymous_2)
FN:41,(anonymous_3)
FN:43,(anonymous_4)
FN:44,(anonymous_5)
FN:47,(anonymous_6)
FN:54,(anonymous_7)
FN:59,(anonymous_8)
FN:64,(anonymous_9)
FN:66,(anonymous_10)
FN:79,(anonymous_11)
FN:86,(anonymous_12)
FN:87,(anonymous_13)
FN:102,(anonymous_14)
FNF:15
FNH:15
FNDA:100,(anonymous_0)
FNDA:364,(anonymous_1)
FNDA:67,(anonymous_2)
FNDA:67,(anonymous_3)
FNDA:5,(anonymous_4)
FNDA:3,(anonymous_5)
FNDA:32,(anonymous_6)
FNDA:2,(anonymous_7)
FNDA:67,(anonymous_8)
FNDA:201,(anonymous_9)
FNDA:77,(anonymous_10)
FNDA:142,(anonymous_11)
FNDA:128,(anonymous_12)
FNDA:74,(anonymous_13)
FNDA:329,(anonymous_14)
DA:16,3
DA:17,3
DA:18,3
DA:19,3
DA:27,100
DA:33,364
DA:34,364
DA:38,67
DA:39,67
DA:41,67
DA:43,67
DA:44,67
DA:48,32
DA:49,32
DA:50,32
DA:51,32
DA:55,2
DA:60,67
DA:61,67
DA:65,201
DA:66,201
DA:67,77
DA:68,2
DA:71,75
DA:72,75
DA:73,75
DA:76,201
DA:80,142
DA:81,142
DA:82,11
DA:87,128
DA:88,74
DA:90,74
DA:91,63
DA:92,63
DA:95,11
DA:96,11
DA:99,128
DA:103,329
DA:104,131
DA:105,131
DA:108,198
DA:109,20
LF:43
LH:43
BRDA:67,0,0,2
BRDA:67,1,0,77
BRDA:67,1,1,10
BRDA:81,2,0,11
BRDA:90,3,0,63
BRDA:103,4,0,131
BRF:6
BRH:6
end_of_record
TN:
SF:js\src\util\swipe.js
FN:45,(anonymous_0)
FN:60,(anonymous_1)
FN:64,(anonymous_2)
FN:68,(anonymous_3)
FN:73,(anonymous_4)
FN:78,(anonymous_5)
FN:90,(anonymous_6)
FN:99,(anonymous_7)
FN:105,(anonymous_8)
FN:123,(anonymous_9)
FN:125,(anonymous_10)
FN:126,(anonymous_11)
FN:130,(anonymous_12)
FN:131,(anonymous_13)
FN:132,(anonymous_14)
FN:136,(anonymous_15)
FN:141,(anonymous_16)
FNF:17
FNH:16
FNDA:68,(anonymous_0)
FNDA:67,(anonymous_1)
FNDA:67,(anonymous_2)
FNDA:0,(anonymous_3)
FNDA:3,(anonymous_4)
FNDA:16,(anonymous_5)
FNDA:14,(anonymous_6)
FNDA:230,(anonymous_7)
FNDA:14,(anonymous_8)
FNDA:67,(anonymous_9)
FNDA:4,(anonymous_10)
FNDA:4,(anonymous_11)
FNDA:12,(anonymous_12)
FNDA:230,(anonymous_13)
FNDA:10,(anonymous_14)
FNDA:18,(anonymous_15)
FNDA:128,(anonymous_16)
DA:16,2
DA:17,2
DA:18,2
DA:19,2
DA:20,2
DA:21,2
DA:22,2
DA:23,2
DA:24,2
DA:25,2
DA:26,2
DA:28,2
DA:34,2
DA:46,68
DA:47,68
DA:49,68
DA:50,1
DA:53,67
DA:54,67
DA:55,67
DA:56,67
DA:61,67
DA:65,67
DA:69,0
DA:74,3
DA:79,16
DA:80,12
DA:82,12
DA:85,4
DA:86,4
DA:91,14
DA:92,4
DA:95,14
DA:96,14
DA:100,230
DA:106,14
DA:108,14
DA:109,4
DA:112,10
DA:114,10
DA:116,10
DA:117,0
DA:120,10
DA:124,67
DA:125,59
DA:126,59
DA:128,59
DA:130,12
DA:131,230
DA:132,10
DA:137,18
DA:142,128
LF:52
LH:50
BRDA:49,0,0,1
BRDA:49,1,0,68
BRDA:49,1,1,68
BRDA:79,2,0,12
BRDA:85,3,0,4
BRDA:91,4,0,4
BRDA:101,5,0,46
BRDA:101,5,1,184
BRDA:100,6,0,230
BRDA:100,6,1,230
BRDA:108,7,0,4
BRDA:116,8,0,0
BRDA:120,9,0,6
BRDA:120,9,1,4
BRDA:124,10,0,59
BRDA:124,10,1,8
BRDA:137,11,0,18
BRDA:137,11,1,8
BRDA:137,11,2,8
BRDA:142,12,0,128
BRDA:142,12,1,104
BRF:21
BRH:20
end_of_record
TN:
SF:js\src\util\template-factory.js
FN:49,(anonymous_0)
FN:55,(anonymous_1)
FN:59,(anonymous_2)
FN:63,(anonymous_3)
FN:68,(anonymous_4)
FN:70,(anonymous_5)
FN:74,(anonymous_6)
FN:78,(anonymous_7)
FN:84,(anonymous_8)
FN:103,(anonymous_9)
FN:108,(anonymous_10)
FN:114,(anonymous_11)
FN:141,(anonymous_12)
FN:145,(anonymous_13)
FN:149,(anonymous_14)
FNF:15
FNH:15
FNDA:75,(anonymous_0)
FNDA:76,(anonymous_1)
FNDA:75,(anonymous_2)
FNDA:1,(anonymous_3)
FNDA:4,(anonymous_4)
FNDA:13,(anonymous_5)
FNDA:2,(anonymous_6)
FNDA:8,(anonymous_7)
FNDA:83,(anonymous_8)
FNDA:75,(anonymous_9)
FNDA:83,(anonymous_10)
FNDA:97,(anonymous_11)
FNDA:88,(anonymous_12)
FNDA:189,(anonymous_13)
FNDA:4,(anonymous_14)
DA:17,3
DA:19,3
DA:29,3
DA:39,3
DA:50,75
DA:51,75
DA:56,76
DA:60,75
DA:64,1
DA:69,4
DA:70,13
DA:75,2
DA:79,8
DA:80,8
DA:81,8
DA:85,83
DA:86,83
DA:88,83
DA:89,97
DA:92,83
DA:93,83
DA:95,83
DA:96,9
DA:99,83
DA:104,75
DA:105,75
DA:109,83
DA:110,101
DA:115,97
DA:117,97
DA:118,4
DA:121,93
DA:123,93
DA:124,7
DA:125,7
DA:128,86
DA:129,4
DA:130,4
DA:133,82
DA:134,5
DA:135,5
DA:138,77
DA:142,88
DA:146,189
DA:150,4
DA:151,2
DA:152,2
DA:153,2
DA:156,2
LF:49
LH:49
BRDA:95,0,0,9
BRDA:117,1,0,4
BRDA:123,2,0,7
BRDA:128,3,0,4
BRDA:133,4,0,5
BRDA:142,5,0,83
BRDA:142,5,1,5
BRDA:150,6,0,2
BRF:8
BRH:8
end_of_record
